<?xml version="1.0" encoding="UTF-8"?>
<!-- Generated by org.testng.reporters.JUnitReportReporter -->
<testsuite hostname="9932941Canada2" name="com.tests.NewTest" tests="1" failures="0" timestamp="10 Jun 2018 21:22:08 GMT" time="32.399" errors="0">
  <testcase name="createOrder_forOneMagicMouse_createdSuccessfully" time="32.399" classname="com.tests.NewTest"/>
</testsuite> <!-- com.tests.NewTest -->
