<?xml version="1.0" encoding="UTF-8"?>
<!-- Generated by org.testng.reporters.JUnitReportReporter -->
<testsuite hostname="9932941Canada2" name="com.tests.ShoppingCartTests" tests="2" failures="0" timestamp="10 Jun 2018 22:09:45 GMT" time="68.435" errors="0">
  <testcase name="createOrder_forMultipleItems_createdSuccessfully" time="37.364" classname="com.tests.ShoppingCartTests"/>
  <testcase name="createOrder_forOneMagicMouse_createdSuccessfully" time="31.071" classname="com.tests.ShoppingCartTests"/>
</testsuite> <!-- com.tests.ShoppingCartTests -->
